Release 14.7 - xst P.20131013 (nt64)
Copyright (c) 1995-2013 Xilinx, Inc.  All rights reserved.
--> Parameter TMPDIR set to xst/projnav.tmp


Total REAL time to Xst completion: 1.00 secs
Total CPU time to Xst completion: 1.01 secs
 
--> Parameter xsthdpdir set to xst


Total REAL time to Xst completion: 1.00 secs
Total CPU time to Xst completion: 1.01 secs
 
--> Reading design: Divider.prj

TABLE OF CONTENTS
  1) Synthesis Options Summary
  2) HDL Parsing
  3) HDL Elaboration
  4) HDL Synthesis
       4.1) HDL Synthesis Report
  5) Advanced HDL Synthesis
       5.1) Advanced HDL Synthesis Report
  6) Low Level Synthesis
  7) Partition Report
  8) Design Summary
       8.1) Primitive and Black Box Usage
       8.2) Device utilization summary
       8.3) Partition Resource Summary
       8.4) Timing Report
            8.4.1) Clock Information
            8.4.2) Asynchronous Control Signals Information
            8.4.3) Timing Summary
            8.4.4) Timing Details
            8.4.5) Cross Clock Domains Report


=========================================================================
*                      Synthesis Options Summary                        *
=========================================================================
---- Source Parameters
Input File Name                    : "Divider.prj"
Ignore Synthesis Constraint File   : NO

---- Target Parameters
Output File Name                   : "Divider"
Output Format                      : NGC
Target Device                      : xc7a100t-3-csg324

---- Source Options
Top Module Name                    : Divider
Automatic FSM Extraction           : YES
FSM Encoding Algorithm             : Auto
Safe Implementation                : No
FSM Style                          : LUT
RAM Extraction                     : Yes
RAM Style                          : Auto
ROM Extraction                     : Yes
Shift Register Extraction          : YES
ROM Style                          : Auto
Resource Sharing                   : YES
Asynchronous To Synchronous        : NO
Shift Register Minimum Size        : 2
Use DSP Block                      : Auto
Automatic Register Balancing       : No

---- Target Options
LUT Combining                      : Auto
Reduce Control Sets                : Auto
Add IO Buffers                     : YES
Global Maximum Fanout              : 100000
Add Generic Clock Buffer(BUFG)     : 32
Register Duplication               : YES
Optimize Instantiated Primitives   : NO
Use Clock Enable                   : Auto
Use Synchronous Set                : Auto
Use Synchronous Reset              : Auto
Pack IO Registers into IOBs        : Auto
Equivalent register Removal        : YES

---- General Options
Optimization Goal                  : Speed
Optimization Effort                : 1
Power Reduction                    : NO
Keep Hierarchy                     : No
Netlist Hierarchy                  : As_Optimized
RTL Output                         : Yes
Global Optimization                : AllClockNets
Read Cores                         : YES
Write Timing Constraints           : NO
Cross Clock Analysis               : NO
Hierarchy Separator                : /
Bus Delimiter                      : <>
Case Specifier                     : Maintain
Slice Utilization Ratio            : 100
BRAM Utilization Ratio             : 100
DSP48 Utilization Ratio            : 100
Auto BRAM Packing                  : NO
Slice Utilization Ratio Delta      : 5

=========================================================================


=========================================================================
*                          HDL Parsing                                  *
=========================================================================
Parsing VHDL file "C:\Users\Maska_O\Documents\GitHub\Project\Divider.vhd" into library work
Parsing entity <Divider>.
Parsing architecture <Behavioral> of entity <divider>.

=========================================================================
*                            HDL Elaboration                            *
=========================================================================

Elaborating entity <Divider> (architecture <Behavioral>) with generics from library <work>.
WARNING:HDLCompiler:92 - "C:\Users\Maska_O\Documents\GitHub\Project\Divider.vhd" Line 41: second_sign should be on the sensitivity list of the process

=========================================================================
*                           HDL Synthesis                               *
=========================================================================

Synthesizing Unit <Divider>.
    Related source file is "C:\Users\Maska_O\Documents\GitHub\Project\Divider.vhd".
        n = 8
    Summary:
Unit <Divider> synthesized.

Synthesizing Unit <div_7u_7u>.
    Related source file is "".
    Found 14-bit adder for signal <n0236> created at line 0.
    Found 14-bit adder for signal <GND_7_o_b[6]_add_1_OUT> created at line 0.
    Found 13-bit adder for signal <n0240> created at line 0.
    Found 13-bit adder for signal <GND_7_o_b[6]_add_3_OUT> created at line 0.
    Found 12-bit adder for signal <n0244> created at line 0.
    Found 12-bit adder for signal <GND_7_o_b[6]_add_5_OUT> created at line 0.
    Found 11-bit adder for signal <n0248> created at line 0.
    Found 11-bit adder for signal <GND_7_o_b[6]_add_7_OUT> created at line 0.
    Found 10-bit adder for signal <n0252> created at line 0.
    Found 10-bit adder for signal <GND_7_o_b[6]_add_9_OUT> created at line 0.
    Found 9-bit adder for signal <n0256> created at line 0.
    Found 9-bit adder for signal <GND_7_o_b[6]_add_11_OUT> created at line 0.
    Found 8-bit adder for signal <n0260> created at line 0.
    Found 8-bit adder for signal <GND_7_o_b[6]_add_13_OUT> created at line 0.
    Found 14-bit comparator lessequal for signal <BUS_0001> created at line 0
    Found 13-bit comparator lessequal for signal <BUS_0002> created at line 0
    Found 12-bit comparator lessequal for signal <BUS_0003> created at line 0
    Found 11-bit comparator lessequal for signal <BUS_0004> created at line 0
    Found 10-bit comparator lessequal for signal <BUS_0005> created at line 0
    Found 9-bit comparator lessequal for signal <BUS_0006> created at line 0
    Found 8-bit comparator lessequal for signal <BUS_0007> created at line 0
    Found 7-bit comparator lessequal for signal <BUS_0008> created at line 0
    Summary:
	inferred  14 Adder/Subtractor(s).
	inferred   8 Comparator(s).
	inferred  43 Multiplexer(s).
Unit <div_7u_7u> synthesized.

=========================================================================
HDL Synthesis Report

Macro Statistics
# Adders/Subtractors                                   : 14
 10-bit adder                                          : 2
 11-bit adder                                          : 2
 12-bit adder                                          : 2
 13-bit adder                                          : 2
 14-bit adder                                          : 2
 8-bit adder                                           : 2
 9-bit adder                                           : 2
# Comparators                                          : 8
 10-bit comparator lessequal                           : 1
 11-bit comparator lessequal                           : 1
 12-bit comparator lessequal                           : 1
 13-bit comparator lessequal                           : 1
 14-bit comparator lessequal                           : 1
 7-bit comparator lessequal                            : 1
 8-bit comparator lessequal                            : 1
 9-bit comparator lessequal                            : 1
# Multiplexers                                         : 43
 1-bit 2-to-1 multiplexer                              : 42
 7-bit 2-to-1 multiplexer                              : 1
# Xors                                                 : 1
 1-bit xor2                                            : 1

=========================================================================

=========================================================================
*                       Advanced HDL Synthesis                          *
=========================================================================


=========================================================================
Advanced HDL Synthesis Report

Macro Statistics
# Adders/Subtractors                                   : 7
 7-bit adder carry in                                  : 7
# Comparators                                          : 8
 10-bit comparator lessequal                           : 1
 11-bit comparator lessequal                           : 1
 12-bit comparator lessequal                           : 1
 13-bit comparator lessequal                           : 1
 14-bit comparator lessequal                           : 1
 7-bit comparator lessequal                            : 1
 8-bit comparator lessequal                            : 1
 9-bit comparator lessequal                            : 1
# Multiplexers                                         : 43
 1-bit 2-to-1 multiplexer                              : 42
 7-bit 2-to-1 multiplexer                              : 1
# Xors                                                 : 1
 1-bit xor2                                            : 1

=========================================================================

=========================================================================
*                         Low Level Synthesis                           *
=========================================================================

Optimizing unit <Divider> ...

Optimizing unit <div_7u_7u> ...

Mapping all equations...
Building and optimizing final netlist ...
Found area constraint ratio of 100 (+ 5) on block Divider, actual ratio is 0.

Final Macro Processing ...

=========================================================================
Final Register Report

Found no macro
=========================================================================

=========================================================================
*                           Partition Report                            *
=========================================================================

Partition Implementation Status
-------------------------------

  No Partitions were found in this design.

-------------------------------

=========================================================================
*                            Design Summary                             *
=========================================================================

Top Level Output File Name         : Divider.ngc

Primitive and Black Box Usage:
------------------------------
# BELS                             : 63
#      LUT2                        : 8
#      LUT3                        : 8
#      LUT4                        : 4
#      LUT5                        : 4
#      LUT6                        : 25
#      MUXCY                       : 5
#      MUXF7                       : 2
#      VCC                         : 1
#      XORCY                       : 6
# IO Buffers                       : 31
#      IBUF                        : 16
#      OBUF                        : 15

Device utilization summary:
---------------------------

Selected Device : 7a100tcsg324-3 


Slice Logic Utilization: 
 Number of Slice LUTs:                   49  out of  63400     0%  
    Number used as Logic:                49  out of  63400     0%  

Slice Logic Distribution: 
 Number of LUT Flip Flop pairs used:     49
   Number with an unused Flip Flop:      49  out of     49   100%  
   Number with an unused LUT:             0  out of     49     0%  
   Number of fully used LUT-FF pairs:     0  out of     49     0%  
   Number of unique control sets:         0

IO Utilization: 
 Number of IOs:                          31
 Number of bonded IOBs:                  31  out of    210    14%  

Specific Feature Utilization:

---------------------------
Partition Resource Summary:
---------------------------

  No Partitions were found in this design.

---------------------------


=========================================================================
Timing Report

NOTE: THESE TIMING NUMBERS ARE ONLY A SYNTHESIS ESTIMATE.
      FOR ACCURATE TIMING INFORMATION PLEASE REFER TO THE TRACE REPORT
      GENERATED AFTER PLACE-and-ROUTE.

Clock Information:
------------------
No clock signals found in this design

Asynchronous Control Signals Information:
----------------------------------------
No asynchronous control signals found in this design

Timing Summary:
---------------
Speed Grade: -3

   Minimum period: No path found
   Minimum input arrival time before clock: No path found
   Maximum output required time after clock: No path found
   Maximum combinational path delay: 12.947ns

Timing Details:
---------------
All values displayed in nanoseconds (ns)

=========================================================================
Timing constraint: Default path analysis
  Total number of paths / destination ports: 237650 / 15
-------------------------------------------------------------------------
Delay:               12.947ns (Levels of Logic = 21)
  Source:            B<4> (PAD)
  Destination:       Output<0> (PAD)

  Data Path: B<4> to Output<0>
                                Gate     Net
    Cell:in->out      fanout   Delay   Delay  Logical Name (Net Name)
    ----------------------------------------  ------------
     IBUF:I->O             9   0.001   0.548  B_4_IBUF (B_4_IBUF)
     LUT3:I0->O            6   0.097   0.706  a_int[6]_b_int[6]_div_0/o<6>121 (a_int[6]_b_int[6]_div_0/o<4>11)
     LUT6:I1->O            2   0.097   0.516  a_int[6]_b_int[6]_div_0/Mmux_a[0]_GND_7_o_MUX_54_o161 (a_int[6]_b_int[6]_div_0/a[6]_GND_7_o_MUX_48_o)
     LUT6:I3->O            4   0.097   0.525  a_int[6]_b_int[6]_div_0/o<5>11 (IntOutput_5_OBUF)
     LUT3:I0->O            2   0.097   0.561  a_int[6]_b_int[6]_div_0/Mmux_a[0]_GND_7_o_MUX_78_o151 (a_int[6]_b_int[6]_div_0/a[5]_GND_7_o_MUX_73_o)
     LUT6:I2->O            6   0.097   0.716  a_int[6]_b_int[6]_div_0/o<4>1 (IntOutput_4_OBUF)
     LUT6:I0->O            2   0.097   0.698  a_int[6]_b_int[6]_div_0/Mmux_a[0]_GND_7_o_MUX_100_o151 (a_int[6]_b_int[6]_div_0/a[5]_GND_7_o_MUX_95_o)
     LUT6:I0->O            3   0.097   0.389  a_int[6]_b_int[6]_div_0/o<3>2 (a_int[6]_b_int[6]_div_0/Madd_GND_7_o_b[6]_add_9_OUT_Madd_Madd_cy<5>)
     LUT6:I4->O            4   0.097   0.707  a_int[6]_b_int[6]_div_0/o<3>11 (IntOutput_3_OBUF)
     LUT6:I0->O            2   0.097   0.698  a_int[6]_b_int[6]_div_0/Mmux_a[0]_GND_7_o_MUX_120_o141 (a_int[6]_b_int[6]_div_0/a[4]_GND_7_o_MUX_116_o)
     LUT6:I0->O            5   0.097   0.575  a_int[6]_b_int[6]_div_0/o<2>2 (a_int[6]_b_int[6]_div_0/Madd_GND_7_o_b[6]_add_11_OUT_Madd_Madd_cy<4>)
     LUT6:I2->O           13   0.097   0.739  a_int[6]_b_int[6]_div_0/o<2>1 (IntOutput_2_OBUF)
     LUT5:I0->O            1   0.097   0.693  a_int[6]_b_int[6]_div_0/Mmux_a[0]_GND_7_o_MUX_138_o131 (a_int[6]_b_int[6]_div_0/a[3]_GND_7_o_MUX_135_o)
     LUT6:I0->O            1   0.097   0.295  a_int[6]_b_int[6]_div_0/o<1>2 (a_int[6]_b_int[6]_div_0/o<1>1)
     LUT3:I2->O            1   0.097   0.295  a_int[6]_b_int[6]_div_0/o<1>13_SW0 (N9)
     LUT6:I5->O            7   0.097   0.721  a_int[6]_b_int[6]_div_0/o<1>13 (IntOutput_1_OBUF)
     LUT6:I0->O            2   0.097   0.698  a_int[6]_b_int[6]_div_0/Mmux_n023041 (a_int[6]_b_int[6]_div_0/n0230<3>)
     LUT6:I0->O            1   0.097   0.000  a_int[6]_b_int[6]_div_0/o<0>1_G (N14)
     MUXF7:I1->O           1   0.279   0.556  a_int[6]_b_int[6]_div_0/o<0>1 (a_int[6]_b_int[6]_div_0/o<0>2)
     LUT5:I1->O            2   0.097   0.283  a_int[6]_b_int[6]_div_0/o<0>21 (IntOutput_0_OBUF)
     OBUF:I->O                 0.000          Output_0_OBUF (Output<0>)
    ----------------------------------------
    Total                     12.947ns (2.026ns logic, 10.921ns route)
                                       (15.6% logic, 84.4% route)

=========================================================================

Cross Clock Domains Report:
--------------------------

=========================================================================


Total REAL time to Xst completion: 26.00 secs
Total CPU time to Xst completion: 26.81 secs
 
--> 

Total memory usage is 4625716 kilobytes

Number of errors   :    0 (   0 filtered)
Number of warnings :    1 (   0 filtered)
Number of infos    :    0 (   0 filtered)

