Running: C:\Xilinx\14.7\ISE_DS\ISE\bin\nt64\unwrapped\fuse.exe -intstyle ise -incremental -lib secureip -o C:/dd/Lab2Dop/sSegDisplayTest_isim_beh.exe -prj C:/dd/Lab2Dop/sSegDisplayTest_beh.prj work.sSegDisplayTest 
ISim P.20131013 (signature 0x7708f090)
Number of CPUs detected in this system: 8
Turning on mult-threading, number of parallel sub-compilation jobs: 16 
Determining compilation order of HDL files
Parsing VHDL file "C:/dd/Lab2Dop/sSegDisplay.vhd" into library work
Parsing VHDL file "C:/dd/Lab2Dop/sSegDisplayTest.vhd" into library work
Starting static elaboration
Completed static elaboration
Compiling package standard
Compiling package std_logic_1164
Compiling package std_logic_arith
Compiling package std_logic_unsigned
Compiling architecture behavioral of entity sSegDisplay [ssegdisplay_default]
Compiling architecture behavior of entity ssegdisplaytest
Time Resolution for simulation is 1ps.
Waiting for 1 sub-compilation(s) to finish...
WARNING:Simulator - Unable to copy libPortabilityNOSH.dll to the simulation executable directory: boost::filesystem::copy_file: Системе не удается найти указанный путь, "isim\sSegDisplayTest_isim_beh.exe.sim\libPortability.dll".
Compiled 7 VHDL Units
Built simulation executable C:/dd/Lab2Dop/sSegDisplayTest_isim_beh.exe
Fuse Memory Usage: 34292 KB
Fuse CPU Usage: 577 ms
