ISim log file
Running: C:\Users\Maska_O\Documents\GitHub\Project\Divider1_isim_beh.exe -intstyle ise -gui -tclbatch isim.cmd -wdb C:/Users/Maska_O/Documents/GitHub/Project/Divider1_isim_beh.wdb 
ISim P.20131013 (signature 0x7708f090)
This is a Full version of ISim.
Time resolution is 1 ps
# onerror resume
# wave add /
# run 1000 ns
Simulator is doing circuit initialization process.
Finished circuit initialization process.
# isim force add /divider1/m 0000101001110101 -radix bin -time 20 ps
# isim force add /divider1/m 0000101001110101 -radix bin -time 20 ps
# isim force add /divider1/n 00011010 -radix bin -time 20 ps
# isim force add /divider1/n 00011010 -radix bin -time 20 ps
# run all
# run all
# run 1.00us
# isim force add /divider1/clk 1 -radix bin -value 0 -radix bin -time 5 ps -repeat 10 ps
# isim force add /divider1/clk 1 -radix bin -value 0 -radix bin -time 5 ps -repeat 10 ps
# run 1.00us
# run all
Stopped at time : 15726210 ps : File "C:/Users/Maska_O/Documents/GitHub/Project/Divider1.vhd" Line 34
# isim force add /divider1/reset 0 -radix bin
# isim force add /divider1/reset 0 -radix bin
# isim force add /divider1/start 1 -radix bin -time 10 ps -cancel 20 ps
# isim force add /divider1/start 1 -radix bin -time 10 ps -cancel 20 ps
# run 1.00us
# run all
Stopped at time : 43314250 ps : File "C:/Users/Maska_O/Documents/GitHub/Project/Divider1.vhd" Line 34
# run 1.00us
# run 1.00us
# run 1.00us
# run 1.00us
