Release 14.7 - xst P.20131013 (nt64)
Copyright (c) 1995-2013 Xilinx, Inc.  All rights reserved.
--> Parameter TMPDIR set to xst/projnav.tmp


Total REAL time to Xst completion: 0.00 secs
Total CPU time to Xst completion: 0.84 secs
 
--> Parameter xsthdpdir set to xst


Total REAL time to Xst completion: 0.00 secs
Total CPU time to Xst completion: 0.84 secs
 
--> Reading design: main.prj

TABLE OF CONTENTS
  1) Synthesis Options Summary
  2) HDL Parsing
  3) HDL Elaboration
  4) HDL Synthesis
       4.1) HDL Synthesis Report
  5) Advanced HDL Synthesis
       5.1) Advanced HDL Synthesis Report
  6) Low Level Synthesis
  7) Partition Report
  8) Design Summary
       8.1) Primitive and Black Box Usage
       8.2) Device utilization summary
       8.3) Partition Resource Summary
       8.4) Timing Report
            8.4.1) Clock Information
            8.4.2) Asynchronous Control Signals Information
            8.4.3) Timing Summary
            8.4.4) Timing Details
            8.4.5) Cross Clock Domains Report


=========================================================================
*                      Synthesis Options Summary                        *
=========================================================================
---- Source Parameters
Input File Name                    : "main.prj"
Ignore Synthesis Constraint File   : NO

---- Target Parameters
Output File Name                   : "main"
Output Format                      : NGC
Target Device                      : xc7a100t-3-csg324

---- Source Options
Top Module Name                    : main
Automatic FSM Extraction           : YES
FSM Encoding Algorithm             : Auto
Safe Implementation                : No
FSM Style                          : LUT
RAM Extraction                     : Yes
RAM Style                          : Auto
ROM Extraction                     : Yes
Shift Register Extraction          : YES
ROM Style                          : Auto
Resource Sharing                   : YES
Asynchronous To Synchronous        : NO
Shift Register Minimum Size        : 2
Use DSP Block                      : Auto
Automatic Register Balancing       : No

---- Target Options
LUT Combining                      : Auto
Reduce Control Sets                : Auto
Add IO Buffers                     : YES
Global Maximum Fanout              : 100000
Add Generic Clock Buffer(BUFG)     : 32
Register Duplication               : YES
Optimize Instantiated Primitives   : NO
Use Clock Enable                   : Auto
Use Synchronous Set                : Auto
Use Synchronous Reset              : Auto
Pack IO Registers into IOBs        : Auto
Equivalent register Removal        : YES

---- General Options
Optimization Goal                  : Speed
Optimization Effort                : 1
Power Reduction                    : NO
Keep Hierarchy                     : No
Netlist Hierarchy                  : As_Optimized
RTL Output                         : Yes
Global Optimization                : AllClockNets
Read Cores                         : YES
Write Timing Constraints           : NO
Cross Clock Analysis               : NO
Hierarchy Separator                : /
Bus Delimiter                      : <>
Case Specifier                     : Maintain
Slice Utilization Ratio            : 100
BRAM Utilization Ratio             : 100
DSP48 Utilization Ratio            : 100
Auto BRAM Packing                  : NO
Slice Utilization Ratio Delta      : 5

=========================================================================


=========================================================================
*                          HDL Parsing                                  *
=========================================================================
Parsing VHDL file "C:\Users\Maska_O\Documents\GitHub\Project\MY_OR.vhd" into library work
Parsing entity <MY_OR>.
Parsing architecture <Behavioral> of entity <my_or>.
Parsing VHDL file "C:\Users\Maska_O\Documents\GitHub\Project\half-adder.vhd" into library work
Parsing entity <halfAdder>.
Parsing architecture <Behavioral> of entity <halfadder>.
Parsing VHDL file "C:\Users\Maska_O\Documents\GitHub\Project\adder.vhd" into library work
Parsing entity <adder>.
Parsing architecture <Behavioral> of entity <adder>.
Parsing VHDL file "C:\Users\Maska_O\Documents\GitHub\Project\sSegDisplay.vhd" into library work
Parsing entity <sSegDisplay>.
Parsing architecture <Behavioral> of entity <ssegdisplay>.
Parsing VHDL file "C:\Users\Maska_O\Documents\GitHub\Project\nAdder.vhd" into library work
Parsing entity <nAdder>.
Parsing architecture <Behavioral> of entity <nadder>.
Parsing VHDL file "C:\Users\Maska_O\Documents\GitHub\Project\codeConverter.vhd" into library work
Parsing entity <codeConverter>.
Parsing architecture <Behavioral> of entity <codeconverter>.
Parsing VHDL file "C:\Users\Maska_O\Documents\GitHub\Project\main.vhd" into library work
Parsing entity <main>.
Parsing architecture <Behavioral> of entity <main>.

=========================================================================
*                            HDL Elaboration                            *
=========================================================================

Elaborating entity <main> (architecture <Behavioral>) with generics from library <work>.

Elaborating entity <codeConverter> (architecture <Behavioral>) with generics from library <work>.

Elaborating entity <nAdder> (architecture <Behavioral>) with generics from library <work>.

Elaborating entity <adder> (architecture <Behavioral>) from library <work>.

Elaborating entity <halfAdder> (architecture <Behavioral>) from library <work>.

Elaborating entity <MY_OR> (architecture <Behavioral>) from library <work>.

Elaborating entity <sSegDisplay> (architecture <Behavioral>) from library <work>.
INFO:HDLCompiler:679 - "C:\Users\Maska_O\Documents\GitHub\Project\main.vhd" Line 104. Case statement is complete. others clause is never selected
WARNING:HDLCompiler:92 - "C:\Users\Maska_O\Documents\GitHub\Project\main.vhd" Line 118: preres should be on the sensitivity list of the process
WARNING:HDLCompiler:92 - "C:\Users\Maska_O\Documents\GitHub\Project\main.vhd" Line 119: tsum should be on the sensitivity list of the process

=========================================================================
*                           HDL Synthesis                               *
=========================================================================

Synthesizing Unit <main>.
    Related source file is "C:\Users\Maska_O\Documents\GitHub\Project\main.vhd".
        n = 8
INFO:Xst:3210 - "C:\Users\Maska_O\Documents\GitHub\Project\main.vhd" line 56: Output port <CO> of the instance <U1> is unconnected or connected to loadless signal.
    Found 2-bit register for signal <current_state>.
    Found finite state machine <FSM_0> for signal <current_state>.
    -----------------------------------------------------------------------
    | States             | 3                                              |
    | Transitions        | 10                                             |
    | Inputs             | 5                                              |
    | Outputs            | 2                                              |
    | Clock              | Clk (rising_edge)                              |
    | Reset              | rst_button (positive)                          |
    | Reset type         | asynchronous                                   |
    | Reset State        | s0                                             |
    | Power Up State     | s0                                             |
    | Encoding           | auto                                           |
    | Implementation     | LUT                                            |
    -----------------------------------------------------------------------
    Found 1-bit 3-to-1 multiplexer for signal <current_state[1]_X_5_o_Mux_10_o> created at line 75.
    Found 1-bit 4-to-1 multiplexer for signal <current_state[1]_PWR_12_o_Mux_11_o> created at line 75.
    Found 8-bit 3-to-1 multiplexer for signal <result> created at line 110.
WARNING:Xst:737 - Found 1-bit latch for signal <operation>. Latches may be generated from incomplete case or if statements. We do not recommend the use of latches in FPGA/CPLD designs, as they may lead to timing problems.
    Summary:
	inferred   1 Latch(s).
	inferred   4 Multiplexer(s).
	inferred   1 Finite State Machine(s).
Unit <main> synthesized.

Synthesizing Unit <codeConverter>.
    Related source file is "C:\Users\Maska_O\Documents\GitHub\Project\codeConverter.vhd".
        n = 8
    Found 8-bit adder for signal <in_vector[7]_GND_6_o_add_1_OUT> created at line 15.
    Summary:
	inferred   1 Adder/Subtractor(s).
	inferred   1 Multiplexer(s).
Unit <codeConverter> synthesized.

Synthesizing Unit <nAdder>.
    Related source file is "C:\Users\Maska_O\Documents\GitHub\Project\nAdder.vhd".
        n = 8
    Summary:
	no macro.
Unit <nAdder> synthesized.

Synthesizing Unit <adder>.
    Related source file is "C:\Users\Maska_O\Documents\GitHub\Project\adder.vhd".
    Summary:
	no macro.
Unit <adder> synthesized.

Synthesizing Unit <halfAdder>.
    Related source file is "C:\Users\Maska_O\Documents\GitHub\Project\half-adder.vhd".
    Summary:
Unit <halfAdder> synthesized.

Synthesizing Unit <MY_OR>.
    Related source file is "C:\Users\Maska_O\Documents\GitHub\Project\MY_OR.vhd".
    Summary:
	no macro.
Unit <MY_OR> synthesized.

Synthesizing Unit <sSegDisplay>.
    Related source file is "C:\Users\Maska_O\Documents\GitHub\Project\sSegDisplay.vhd".
    Found 13-bit register for signal <counter>.
    Found 13-bit adder for signal <counter[12]_GND_12_o_add_2_OUT> created at line 54.
    Found 32x7-bit Read Only RAM for signal <segNum>
    Found 8x8-bit Read Only RAM for signal <intAn>
    Summary:
	inferred   2 RAM(s).
	inferred   1 Adder/Subtractor(s).
	inferred  13 D-type flip-flop(s).
	inferred  19 Multiplexer(s).
Unit <sSegDisplay> synthesized.

=========================================================================
HDL Synthesis Report

Macro Statistics
# RAMs                                                 : 2
 32x7-bit single-port Read Only RAM                    : 1
 8x8-bit single-port Read Only RAM                     : 1
# Adders/Subtractors                                   : 3
 13-bit adder                                          : 1
 8-bit adder                                           : 2
# Registers                                            : 1
 13-bit register                                       : 1
# Latches                                              : 1
 1-bit latch                                           : 1
# Multiplexers                                         : 25
 1-bit 2-to-1 multiplexer                              : 20
 1-bit 3-to-1 multiplexer                              : 1
 1-bit 4-to-1 multiplexer                              : 1
 8-bit 2-to-1 multiplexer                              : 2
 8-bit 3-to-1 multiplexer                              : 1
# FSMs                                                 : 1
# Xors                                                 : 16
 1-bit xor2                                            : 16

=========================================================================

=========================================================================
*                       Advanced HDL Synthesis                          *
=========================================================================

WARNING:Xst:1290 - Hierarchical block <U3> is unconnected in block <U2[7].G>.
   It will be removed from the design.

Synthesizing (advanced) Unit <sSegDisplay>.
The following registers are absorbed into counter <counter>: 1 register on signal <counter>.
INFO:Xst:3218 - HDL ADVISOR - The RAM <Mram_intAn> will be implemented on LUTs either because you have described an asynchronous read or because of currently unsupported block RAM features. If you have described an asynchronous read, making it synchronous would allow you to take advantage of available block RAM resources, for optimized device usage and improved timings. Please refer to your documentation for coding guidelines.
    -----------------------------------------------------------------------
    | ram_type           | Distributed                         |          |
    -----------------------------------------------------------------------
    | Port A                                                              |
    |     aspect ratio   | 8-word x 8-bit                      |          |
    |     weA            | connected to signal <GND>           | high     |
    |     addrA          | connected to signal <counter>       |          |
    |     diA            | connected to signal <GND>           |          |
    |     doA            | connected to signal <intAn>         |          |
    -----------------------------------------------------------------------
INFO:Xst:3218 - HDL ADVISOR - The RAM <Mram_segNum> will be implemented on LUTs either because you have described an asynchronous read or because of currently unsupported block RAM features. If you have described an asynchronous read, making it synchronous would allow you to take advantage of available block RAM resources, for optimized device usage and improved timings. Please refer to your documentation for coding guidelines.
    -----------------------------------------------------------------------
    | ram_type           | Distributed                         |          |
    -----------------------------------------------------------------------
    | Port A                                                              |
    |     aspect ratio   | 32-word x 7-bit                     |          |
    |     weA            | connected to signal <GND>           | high     |
    |     addrA          | connected to signal <currentNumber> |          |
    |     diA            | connected to signal <GND>           |          |
    |     doA            | connected to signal <segNum>        |          |
    -----------------------------------------------------------------------
Unit <sSegDisplay> synthesized (advanced).

=========================================================================
Advanced HDL Synthesis Report

Macro Statistics
# RAMs                                                 : 2
 32x7-bit single-port distributed Read Only RAM        : 1
 8x8-bit single-port distributed Read Only RAM         : 1
# Adders/Subtractors                                   : 2
 8-bit adder                                           : 2
# Counters                                             : 1
 13-bit up counter                                     : 1
# Multiplexers                                         : 25
 1-bit 2-to-1 multiplexer                              : 20
 1-bit 3-to-1 multiplexer                              : 1
 1-bit 4-to-1 multiplexer                              : 1
 8-bit 2-to-1 multiplexer                              : 2
 8-bit 3-to-1 multiplexer                              : 1
# FSMs                                                 : 1
# Xors                                                 : 16
 1-bit xor2                                            : 16

=========================================================================

=========================================================================
*                         Low Level Synthesis                           *
=========================================================================
Analyzing FSM <MFsm> for best encoding.
Optimizing FSM <FSM_0> on signal <current_state[1:2]> with user encoding.
-------------------
 State | Encoding
-------------------
 s0    | 00
 s1    | 01
 s2    | 10
-------------------

Optimizing unit <main> ...

Optimizing unit <nAdder> ...

Optimizing unit <codeConverter> ...

Optimizing unit <sSegDisplay> ...

Mapping all equations...
Building and optimizing final netlist ...
Found area constraint ratio of 100 (+ 5) on block main, actual ratio is 0.

Final Macro Processing ...

=========================================================================
Final Register Report

Macro Statistics
# Registers                                            : 15
 Flip-Flops                                            : 15

=========================================================================

=========================================================================
*                           Partition Report                            *
=========================================================================

Partition Implementation Status
-------------------------------

  No Partitions were found in this design.

-------------------------------

=========================================================================
*                            Design Summary                             *
=========================================================================

Top Level Output File Name         : main.ngc

Primitive and Black Box Usage:
------------------------------
# BELS                             : 95
#      GND                         : 1
#      INV                         : 1
#      LUT1                        : 12
#      LUT2                        : 1
#      LUT3                        : 9
#      LUT4                        : 7
#      LUT5                        : 21
#      LUT6                        : 17
#      MUXCY                       : 12
#      VCC                         : 1
#      XORCY                       : 13
# FlipFlops/Latches                : 16
#      FD                          : 13
#      FDC                         : 2
#      LD                          : 1
# Clock Buffers                    : 1
#      BUFGP                       : 1
# IO Buffers                       : 36
#      IBUF                        : 21
#      OBUF                        : 15

Device utilization summary:
---------------------------

Selected Device : 7a100tcsg324-3 


Slice Logic Utilization: 
 Number of Slice Registers:              16  out of  126800     0%  
 Number of Slice LUTs:                   68  out of  63400     0%  
    Number used as Logic:                68  out of  63400     0%  

Slice Logic Distribution: 
 Number of LUT Flip Flop pairs used:     68
   Number with an unused Flip Flop:      52  out of     68    76%  
   Number with an unused LUT:             0  out of     68     0%  
   Number of fully used LUT-FF pairs:    16  out of     68    23%  
   Number of unique control sets:         3

IO Utilization: 
 Number of IOs:                          37
 Number of bonded IOBs:                  37  out of    210    17%  

Specific Feature Utilization:
 Number of BUFG/BUFGCTRLs:                1  out of     32     3%  

---------------------------
Partition Resource Summary:
---------------------------

  No Partitions were found in this design.

---------------------------


=========================================================================
Timing Report

NOTE: THESE TIMING NUMBERS ARE ONLY A SYNTHESIS ESTIMATE.
      FOR ACCURATE TIMING INFORMATION PLEASE REFER TO THE TRACE REPORT
      GENERATED AFTER PLACE-and-ROUTE.

Clock Information:
------------------
-------------------------------------------------------------------------------+------------------------+-------+
Clock Signal                                                                   | Clock buffer(FF name)  | Load  |
-------------------------------------------------------------------------------+------------------------+-------+
current_state[1]_PWR_12_o_Mux_11_o(Mmux_current_state[1]_PWR_12_o_Mux_11_o11:O)| NONE(*)(operation)     | 1     |
Clk                                                                            | BUFGP                  | 15    |
-------------------------------------------------------------------------------+------------------------+-------+
(*) This 1 clock signal(s) are generated by combinatorial logic,
and XST is not able to identify which are the primary clock signals.
Please use the CLOCK_SIGNAL constraint to specify the clock signal(s) generated by combinatorial logic.
INFO:Xst:2169 - HDL ADVISOR - Some clock signals were not automatically buffered by XST with BUFG/BUFR resources. Please use the buffer_type constraint in order to insert these buffers to the clock signals to help prevent skew problems.

Asynchronous Control Signals Information:
----------------------------------------
No asynchronous control signals found in this design

Timing Summary:
---------------
Speed Grade: -3

   Minimum period: 1.737ns (Maximum Frequency: 575.606MHz)
   Minimum input arrival time before clock: 1.059ns
   Maximum output required time after clock: 6.138ns
   Maximum combinational path delay: 5.694ns

Timing Details:
---------------
All values displayed in nanoseconds (ns)

=========================================================================
Timing constraint: Default period analysis for Clock 'Clk'
  Clock period: 1.737ns (frequency: 575.606MHz)
  Total number of paths / destination ports: 97 / 15
-------------------------------------------------------------------------
Delay:               1.737ns (Levels of Logic = 14)
  Source:            U4/counter_0 (FF)
  Destination:       U4/counter_12 (FF)
  Source Clock:      Clk rising
  Destination Clock: Clk rising

  Data Path: U4/counter_0 to U4/counter_12
                                Gate     Net
    Cell:in->out      fanout   Delay   Delay  Logical Name (Net Name)
    ----------------------------------------  ------------
     FD:C->Q               1   0.361   0.279  U4/counter_0 (U4/counter_0)
     INV:I->O              1   0.113   0.000  U4/Mcount_counter_lut<0>_INV_0 (U4/Mcount_counter_lut<0>)
     MUXCY:S->O            1   0.353   0.000  U4/Mcount_counter_cy<0> (U4/Mcount_counter_cy<0>)
     MUXCY:CI->O           1   0.023   0.000  U4/Mcount_counter_cy<1> (U4/Mcount_counter_cy<1>)
     MUXCY:CI->O           1   0.023   0.000  U4/Mcount_counter_cy<2> (U4/Mcount_counter_cy<2>)
     MUXCY:CI->O           1   0.023   0.000  U4/Mcount_counter_cy<3> (U4/Mcount_counter_cy<3>)
     MUXCY:CI->O           1   0.023   0.000  U4/Mcount_counter_cy<4> (U4/Mcount_counter_cy<4>)
     MUXCY:CI->O           1   0.023   0.000  U4/Mcount_counter_cy<5> (U4/Mcount_counter_cy<5>)
     MUXCY:CI->O           1   0.023   0.000  U4/Mcount_counter_cy<6> (U4/Mcount_counter_cy<6>)
     MUXCY:CI->O           1   0.023   0.000  U4/Mcount_counter_cy<7> (U4/Mcount_counter_cy<7>)
     MUXCY:CI->O           1   0.023   0.000  U4/Mcount_counter_cy<8> (U4/Mcount_counter_cy<8>)
     MUXCY:CI->O           1   0.023   0.000  U4/Mcount_counter_cy<9> (U4/Mcount_counter_cy<9>)
     MUXCY:CI->O           1   0.023   0.000  U4/Mcount_counter_cy<10> (U4/Mcount_counter_cy<10>)
     MUXCY:CI->O           0   0.023   0.000  U4/Mcount_counter_cy<11> (U4/Mcount_counter_cy<11>)
     XORCY:CI->O           1   0.370   0.000  U4/Mcount_counter_xor<12> (U4/Result<12>)
     FD:D                      0.008          U4/counter_12
    ----------------------------------------
    Total                      1.737ns (1.458ns logic, 0.279ns route)
                                       (83.9% logic, 16.1% route)

=========================================================================
Timing constraint: Default OFFSET IN BEFORE for Clock 'current_state[1]_PWR_12_o_Mux_11_o'
  Total number of paths / destination ports: 2 / 1
-------------------------------------------------------------------------
Offset:              0.481ns (Levels of Logic = 2)
  Source:            add_button (PAD)
  Destination:       operation (LATCH)
  Destination Clock: current_state[1]_PWR_12_o_Mux_11_o falling

  Data Path: add_button to operation
                                Gate     Net
    Cell:in->out      fanout   Delay   Delay  Logical Name (Net Name)
    ----------------------------------------  ------------
     IBUF:I->O             2   0.001   0.383  add_button_IBUF (add_button_IBUF)
     LUT4:I2->O            1   0.097   0.000  Mmux_current_state[1]_X_5_o_Mux_10_o11 (current_state[1]_X_5_o_Mux_10_o)
     LD:D                     -0.028          operation
    ----------------------------------------
    Total                      0.481ns (0.098ns logic, 0.383ns route)
                                       (20.4% logic, 79.6% route)

=========================================================================
Timing constraint: Default OFFSET IN BEFORE for Clock 'Clk'
  Total number of paths / destination ports: 10 / 4
-------------------------------------------------------------------------
Offset:              1.059ns (Levels of Logic = 3)
  Source:            diff_button (PAD)
  Destination:       current_state_FSM_FFd2 (FF)
  Destination Clock: Clk rising

  Data Path: diff_button to current_state_FSM_FFd2
                                Gate     Net
    Cell:in->out      fanout   Delay   Delay  Logical Name (Net Name)
    ----------------------------------------  ------------
     IBUF:I->O             1   0.001   0.556  diff_button_IBUF (diff_button_IBUF)
     LUT4:I0->O            2   0.097   0.299  current_state_FSM_FFd2-In21 (current_state_FSM_FFd2-In2)
     LUT6:I5->O            1   0.097   0.000  current_state_FSM_FFd2-In1 (current_state_FSM_FFd2-In)
     FDC:D                     0.008          current_state_FSM_FFd2
    ----------------------------------------
    Total                      1.059ns (0.203ns logic, 0.856ns route)
                                       (19.2% logic, 80.8% route)

=========================================================================
Timing constraint: Default OFFSET OUT AFTER for Clock 'Clk'
  Total number of paths / destination ports: 282 / 10
-------------------------------------------------------------------------
Offset:              3.083ns (Levels of Logic = 4)
  Source:            current_state_FSM_FFd1 (FF)
  Destination:       seg<5> (PAD)
  Source Clock:      Clk rising

  Data Path: current_state_FSM_FFd1 to seg<5>
                                Gate     Net
    Cell:in->out      fanout   Delay   Delay  Logical Name (Net Name)
    ----------------------------------------  ------------
     FDC:C->Q             17   0.361   0.757  current_state_FSM_FFd1 (current_state_FSM_FFd1)
     LUT5:I0->O            1   0.097   0.683  U4/Mmux_currentNumber<2>13 (U4/Mmux_currentNumber<2>12)
     LUT6:I1->O            7   0.097   0.711  U4/Mmux_currentNumber<2>15 (U4/currentNumber<2>)
     LUT5:I0->O            1   0.097   0.279  U4/Mram_segNum51 (seg_5_OBUF)
     OBUF:I->O                 0.000          seg_5_OBUF (seg<5>)
    ----------------------------------------
    Total                      3.083ns (0.652ns logic, 2.431ns route)
                                       (21.1% logic, 78.9% route)

=========================================================================
Timing constraint: Default OFFSET OUT AFTER for Clock 'current_state[1]_PWR_12_o_Mux_11_o'
  Total number of paths / destination ports: 931 / 7
-------------------------------------------------------------------------
Offset:              6.138ns (Levels of Logic = 10)
  Source:            operation (LATCH)
  Destination:       seg<2> (PAD)
  Source Clock:      current_state[1]_PWR_12_o_Mux_11_o falling

  Data Path: operation to seg<2>
                                Gate     Net
    Cell:in->out      fanout   Delay   Delay  Logical Name (Net Name)
    ----------------------------------------  ------------
     LD:G->Q               9   0.472   0.548  operation (operation)
     LUT4:I1->O            2   0.097   0.688  U0/Mmux_out_vector31 (tB<2>)
     LUT6:I1->O            4   0.097   0.393  U1/U2[2].G/U3/O1 (U1/carryOver<2>)
     LUT5:I3->O            3   0.097   0.389  U1/U2[4].G/U3/O1 (U1/carryOver<4>)
     LUT5:I3->O            1   0.097   0.295  U1/U2[6].G/U3/O1 (U1/carryOver<6>)
     LUT3:I2->O            8   0.097   0.725  U1/U2[7].G/U2/Mxor_S_xo<0>1 (tSum<7>)
     LUT6:I0->O            1   0.097   0.511  U4/Mmux_currentNumber<3>14_SW1 (N4)
     LUT6:I3->O            1   0.097   0.379  U4/Mmux_currentNumber<3>14 (U4/Mmux_currentNumber<3>13)
     LUT6:I4->O            7   0.097   0.584  U4/Mmux_currentNumber<3>17 (U4/currentNumber<3>)
     LUT5:I1->O            1   0.097   0.279  U4/Mram_segNum111 (seg_1_OBUF)
     OBUF:I->O                 0.000          seg_1_OBUF (seg<1>)
    ----------------------------------------
    Total                      6.138ns (1.345ns logic, 4.793ns route)
                                       (21.9% logic, 78.1% route)

=========================================================================
Timing constraint: Default path analysis
  Total number of paths / destination ports: 5348 / 7
-------------------------------------------------------------------------
Delay:               5.694ns (Levels of Logic = 11)
  Source:            B<2> (PAD)
  Destination:       seg<2> (PAD)

  Data Path: B<2> to seg<2>
                                Gate     Net
    Cell:in->out      fanout   Delay   Delay  Logical Name (Net Name)
    ----------------------------------------  ------------
     IBUF:I->O             5   0.001   0.575  B_2_IBUF (B_2_IBUF)
     LUT4:I0->O            2   0.097   0.688  U0/Mmux_out_vector31 (tB<2>)
     LUT6:I1->O            4   0.097   0.393  U1/U2[2].G/U3/O1 (U1/carryOver<2>)
     LUT5:I3->O            3   0.097   0.389  U1/U2[4].G/U3/O1 (U1/carryOver<4>)
     LUT5:I3->O            1   0.097   0.295  U1/U2[6].G/U3/O1 (U1/carryOver<6>)
     LUT3:I2->O            8   0.097   0.725  U1/U2[7].G/U2/Mxor_S_xo<0>1 (tSum<7>)
     LUT6:I0->O            1   0.097   0.511  U4/Mmux_currentNumber<3>14_SW1 (N4)
     LUT6:I3->O            1   0.097   0.379  U4/Mmux_currentNumber<3>14 (U4/Mmux_currentNumber<3>13)
     LUT6:I4->O            7   0.097   0.584  U4/Mmux_currentNumber<3>17 (U4/currentNumber<3>)
     LUT5:I1->O            1   0.097   0.279  U4/Mram_segNum111 (seg_1_OBUF)
     OBUF:I->O                 0.000          seg_1_OBUF (seg<1>)
    ----------------------------------------
    Total                      5.694ns (0.874ns logic, 4.820ns route)
                                       (15.3% logic, 84.7% route)

=========================================================================

Cross Clock Domains Report:
--------------------------

Clock to Setup on destination clock Clk
---------------+---------+---------+---------+---------+
               | Src:Rise| Src:Fall| Src:Rise| Src:Fall|
Source Clock   |Dest:Rise|Dest:Rise|Dest:Fall|Dest:Fall|
---------------+---------+---------+---------+---------+
Clk            |    1.737|         |         |         |
---------------+---------+---------+---------+---------+

Clock to Setup on destination clock current_state[1]_PWR_12_o_Mux_11_o
---------------+---------+---------+---------+---------+
               | Src:Rise| Src:Fall| Src:Rise| Src:Fall|
Source Clock   |Dest:Rise|Dest:Rise|Dest:Fall|Dest:Fall|
---------------+---------+---------+---------+---------+
Clk            |         |         |    1.089|         |
---------------+---------+---------+---------+---------+

=========================================================================


Total REAL time to Xst completion: 35.00 secs
Total CPU time to Xst completion: 35.31 secs
 
--> 

Total memory usage is 4656016 kilobytes

Number of errors   :    0 (   0 filtered)
Number of warnings :    4 (   0 filtered)
Number of infos    :    4 (   0 filtered)

